<?xml version="1.0" encoding="UTF-8"?>
<testng-results skipped="0" failed="0" ignored="0" total="2" passed="2">
  <reporter-output>
  </reporter-output>
  <suite name="listener" duration-ms="81363" started-at="2018-10-31T11:16:49Z" finished-at="2018-10-31T11:18:10Z">
    <groups>
    </groups>
    <test name="test listener" duration-ms="81363" started-at="2018-10-31T11:16:49Z" finished-at="2018-10-31T11:18:10Z">
      <class name="com.oops.listener.TestngListener">
        <test-method status="PASS" signature="launchSite()[pri:0, instance:com.oops.listener.TestngListener@1e2adc7]" name="launchSite" is-config="true" duration-ms="44595" started-at="2018-10-31T11:16:49Z" finished-at="2018-10-31T11:17:33Z">
          <reporter-output>
          </reporter-output>
        </test-method> <!-- launchSite -->
        <test-method status="PASS" signature="launch()[pri:0, instance:com.oops.listener.TestngListener@1e2adc7]" name="launch" duration-ms="11419" started-at="2018-10-31T11:17:33Z" finished-at="2018-10-31T11:17:45Z">
          <reporter-output>
          </reporter-output>
        </test-method> <!-- launch -->
        <test-method status="PASS" signature="tearDown()[pri:0, instance:com.oops.listener.TestngListener@1e2adc7]" name="tearDown" is-config="true" duration-ms="2209" started-at="2018-10-31T11:17:45Z" finished-at="2018-10-31T11:17:47Z">
          <reporter-output>
          </reporter-output>
        </test-method> <!-- tearDown -->
        <test-method status="PASS" signature="launchSite()[pri:0, instance:com.oops.listener.TestngListener@1e2adc7]" name="launchSite" is-config="true" duration-ms="21274" started-at="2018-10-31T11:17:47Z" finished-at="2018-10-31T11:18:08Z">
          <reporter-output>
          </reporter-output>
        </test-method> <!-- launchSite -->
        <test-method status="PASS" signature="titleVerify()[pri:0, instance:com.oops.listener.TestngListener@1e2adc7]" name="titleVerify" duration-ms="11" started-at="2018-10-31T11:18:08Z" finished-at="2018-10-31T11:18:08Z">
          <reporter-output>
          </reporter-output>
        </test-method> <!-- titleVerify -->
        <test-method status="PASS" signature="tearDown()[pri:0, instance:com.oops.listener.TestngListener@1e2adc7]" name="tearDown" is-config="true" duration-ms="1759" started-at="2018-10-31T11:18:08Z" finished-at="2018-10-31T11:18:10Z">
          <reporter-output>
          </reporter-output>
        </test-method> <!-- tearDown -->
      </class> <!-- com.oops.listener.TestngListener -->
    </test> <!-- test listener -->
  </suite> <!-- listener -->
</testng-results>
